<?xml version="1.0" encoding="UTF-8"?>
<!-- Generated by org.testng.reporters.JUnitReportReporter -->
<testsuite skipped="0" hostname="LAPTOP-ADI14KG2" name="com.herokuapp.testleaf.RadioButton" tests="1" failures="0" timestamp="2019-09-29T14:30:25 EDT" time="0.472" errors="0">
  <testcase name="test1" time="0.472" classname="com.herokuapp.testleaf.RadioButton"/>
</testsuite> <!-- com.herokuapp.testleaf.RadioButton -->
