<?xml version="1.0" encoding="UTF-8"?>
<!-- Generated by org.testng.reporters.JUnitReportReporter -->
<testsuite skipped="0" hostname="LAPTOP-ADI14KG2" name="com.automationpractice.demos.TestNGDataProviderDemo" tests="3" failures="0" timestamp="2019-10-03T21:27:10 EDT" time="0.022" errors="0">
  <testcase name="calculateMortgageMonthlyPayment" time="0.016" classname="com.automationpractice.demos.TestNGDataProviderDemo"/>
  <testcase name="calculateMortgageMonthlyPayment" time="0.003" classname="com.automationpractice.demos.TestNGDataProviderDemo"/>
  <testcase name="calculateMortgageMonthlyPayment" time="0.003" classname="com.automationpractice.demos.TestNGDataProviderDemo"/>
</testsuite> <!-- com.automationpractice.demos.TestNGDataProviderDemo -->
