<?xml version="1.0" encoding="UTF-8"?>
<!-- Generated by org.testng.reporters.JUnitReportReporter -->
<testsuite skipped="0" hostname="LAPTOP-ADI14KG2" name="com.automationpractice.login.LoginTestWithReporting" tests="1" failures="0" timestamp="2019-10-08T22:02:29 EDT" time="3.761" errors="0">
  <testcase name="loginWithValidUserIdAndPassword" time="3.761" classname="com.automationpractice.login.LoginTestWithReporting"/>
</testsuite> <!-- com.automationpractice.login.LoginTestWithReporting -->
