<?xml version="1.0" encoding="UTF-8"?>
<!-- Generated by org.testng.reporters.JUnitReportReporter -->
<testsuite skipped="0" hostname="LAPTOP-ADI14KG2" name="com.automationpractice.com.TestNgAnnotationDemo" tests="2" failures="0" timestamp="2019-10-01T19:39:19 EDT" time="0.016" errors="0">
  <testcase name="testTwo" time="0.003" classname="com.automationpractice.com.TestNgAnnotationDemo"/>
  <testcase name="testOne" time="0.013" classname="com.automationpractice.com.TestNgAnnotationDemo"/>
</testsuite> <!-- com.automationpractice.com.TestNgAnnotationDemo -->
