<?xml version="1.0" encoding="UTF-8"?>
<!-- Generated by org.testng.reporters.JUnitReportReporter -->
<testsuite skipped="0" hostname="LAPTOP-ADI14KG2" name="com.herokuapp.testleaf.Alert" tests="3" failures="0" timestamp="2019-09-29T23:45:25 EDT" time="12.356" errors="0">
  <testcase name="alert3" time="3.201" classname="com.herokuapp.testleaf.Alert"/>
  <testcase name="alert1" time="5.863" classname="com.herokuapp.testleaf.Alert"/>
  <testcase name="alert2" time="3.292" classname="com.herokuapp.testleaf.Alert"/>
</testsuite> <!-- com.herokuapp.testleaf.Alert -->
