<?xml version="1.0" encoding="UTF-8"?>
<!-- Generated by org.testng.reporters.JUnitReportReporter -->
<testsuite skipped="0" hostname="LAPTOP-ADI14KG2" name="com.herokuapp.testleaf.Frame" tests="1" failures="0" timestamp="2019-09-30T21:02:04 EDT" time="4.834" errors="0">
  <testcase name="frameTest" time="4.834" classname="com.herokuapp.testleaf.Frame"/>
</testsuite> <!-- com.herokuapp.testleaf.Frame -->
