<?xml version="1.0" encoding="UTF-8"?>
<!-- Generated by org.testng.reporters.JUnitReportReporter -->
<testsuite skipped="0" hostname="LAPTOP-ADI14KG2" name="homeWork.Automation_Practice_HW" tests="1" failures="0" timestamp="2019-10-15T00:17:48 EDT" time="14.121" errors="0">
  <testcase name="Login003" time="14.121" classname="homeWork.Automation_Practice_HW"/>
</testsuite> <!-- homeWork.Automation_Practice_HW -->
