<?xml version="1.0" encoding="UTF-8"?>
<!-- Generated by org.testng.reporters.JUnitReportReporter -->
<testsuite skipped="0" hostname="LAPTOP-ADI14KG2" name="com.automationpractice.login.LoginTests" tests="1" failures="0" timestamp="2019-10-17T22:56:22 EDT" time="3.918" errors="0">
  <testcase name="Login_with_invalid_userid" time="3.918" classname="com.automationpractice.login.LoginTests"/>
</testsuite> <!-- com.automationpractice.login.LoginTests -->
