<?xml version="1.0" encoding="UTF-8"?>
<!-- Generated by org.testng.reporters.JUnitReportReporter -->
<testsuite skipped="0" hostname="LAPTOP-ADI14KG2" name="com.herokuapp.the_internet.FileUpload" tests="1" failures="0" timestamp="2019-10-03T00:36:03 EDT" time="8.569" errors="0">
  <testcase name="fileUpload" time="8.569" classname="com.herokuapp.the_internet.FileUpload"/>
</testsuite> <!-- com.herokuapp.the_internet.FileUpload -->
