<?xml version="1.0" encoding="UTF-8"?>
<!-- Generated by org.testng.reporters.JUnitReportReporter -->
<testsuite skipped="0" hostname="LAPTOP-ADI14KG2" name="com.automationpractice.demos.TesnNGDataProviderDemo" tests="3" failures="0" timestamp="2019-10-03T21:19:06 EDT" time="0.026" errors="0">
  <testcase name="calculateMortgageMonthlyPayment" time="0.018" classname="com.automationpractice.demos.TesnNGDataProviderDemo"/>
  <testcase name="calculateMortgageMonthlyPayment" time="0.006" classname="com.automationpractice.demos.TesnNGDataProviderDemo"/>
  <testcase name="calculateMortgageMonthlyPayment" time="0.002" classname="com.automationpractice.demos.TesnNGDataProviderDemo"/>
</testsuite> <!-- com.automationpractice.demos.TesnNGDataProviderDemo -->
