<?xml version="1.0" encoding="UTF-8"?>
<!-- Generated by org.testng.reporters.JUnitReportReporter -->
<testsuite skipped="0" hostname="LAPTOP-ADI14KG2" name="com.herokuapp.testleaf.Checkbox" tests="2" failures="0" timestamp="2019-10-06T08:52:04 EDT" time="8.261" errors="0">
  <testcase name="checkboxTest2" time="0.345" classname="com.herokuapp.testleaf.Checkbox"/>
  <testcase name="checkboxTest1" time="7.916" classname="com.herokuapp.testleaf.Checkbox"/>
</testsuite> <!-- com.herokuapp.testleaf.Checkbox -->
