<?xml version="1.0" encoding="UTF-8"?>
<!-- Generated by org.testng.reporters.JUnitReportReporter -->
<testsuite skipped="0" hostname="LAPTOP-ADI14KG2" name="warm_up_tasks.WarmUpDay77" tests="1" failures="0" timestamp="2019-10-12T20:55:26 EDT" time="0.219" errors="0">
  <testcase name="mapTask" time="0.219" classname="warm_up_tasks.WarmUpDay77"/>
</testsuite> <!-- warm_up_tasks.WarmUpDay77 -->
