<?xml version="1.0" encoding="UTF-8"?>
<!-- Generated by org.testng.reporters.JUnitReportReporter -->
<testsuite skipped="0" hostname="LAPTOP-ADI14KG2" name="com.automationpractice.user_registration.UserRegistration" tests="1" failures="0" timestamp="2019-10-14T22:21:23 EDT" time="10.181" errors="0">
  <testcase name="userRegistration" time="10.181" classname="com.automationpractice.user_registration.UserRegistration"/>
</testsuite> <!-- com.automationpractice.user_registration.UserRegistration -->
