<?xml version="1.0" encoding="UTF-8"?>
<!-- Generated by org.testng.reporters.JUnitReportReporter -->
<testsuite skipped="0" hostname="LAPTOP-ADI14KG2" name="com.automationpractice.demos.ExtentReportDemo" tests="1" failures="0" timestamp="2019-10-08T21:15:20 EDT" time="8.002" errors="0">
  <testcase name="Login_with_invalid_userid" time="8.002" classname="com.automationpractice.demos.ExtentReportDemo"/>
</testsuite> <!-- com.automationpractice.demos.ExtentReportDemo -->
